#
# There is insufficient memory for the Java Runtime Environment to continue.
# Native memory allocation (mmap) failed to map 260046848 bytes. Error detail: G1 virtual space
# Possible reasons:
#   The system is out of physical RAM or swap space
#   This process is running with CompressedOops enabled, and the Java Heap may be blocking the growth of the native heap
# Possible solutions:
#   Reduce memory load on the system
#   Increase physical memory or swap space
#   Check if swap backing store is full
#   Decrease Java heap size (-Xmx/-Xms)
#   Decrease number of Java threads
#   Decrease Java thread stack sizes (-Xss)
#   Set larger code cache with -XX:ReservedCodeCacheSize=
#   JVM is running with Unscaled Compressed Oops mode in which the Java heap is
#     placed in the first 4GB address space. The Java Heap base address is the
#     maximum limit for the native heap growth. Please use -XX:HeapBaseMinAddress
#     to set the Java Heap base and to place the Java Heap above 4GB virtual address.
# This output file may be truncated or incomplete.
#
#  Out of Memory Error (os_windows.cpp:3613), pid=25124, tid=8744
#
# JRE version:  (17.0.12+7) (build )
# Java VM: OpenJDK 64-Bit Server VM (17.0.12+7, mixed mode, emulated-client, sharing, tiered, compressed oops, compressed class ptrs, g1 gc, windows-amd64)
# No core dump will be written. Minidumps are not enabled by default on client versions of Windows
#

---------------  S U M M A R Y ------------

Command Line: -Xmx1024m -Dsts.lsp.client=vscode -Dsts.log.file=/dev/null -XX:TieredStopAtLevel=1 -Xlog:jni+resolve=off c:\Users\smora\.vscode\extensions\vmware.vscode-spring-boot-1.57.0\language-server\spring-boot-language-server-1.57.0-SNAPSHOT-exec.jar

Host: AMD Ryzen 7 4800H with Radeon Graphics         , 16 cores, 15G,  Windows 11 , 64 bit Build 22621 (10.0.22621.3958)
Time: Thu Oct 17 06:32:40 2024 Hora verano Sudamérica Pacífico elapsed time: 0.015158 seconds (0d 0h 0m 0s)

---------------  T H R E A D  ---------------

Current thread (0x00000299c1411540):  JavaThread "Unknown thread" [_thread_in_vm, id=8744, stack(0x000000efd8700000,0x000000efd8800000)]

Stack: [0x000000efd8700000,0x000000efd8800000]
Native frames: (J=compiled Java code, j=interpreted, Vv=VM code, C=native code)
V  [jvm.dll+0x67f929]
V  [jvm.dll+0x8371ba]
V  [jvm.dll+0x838c7e]
V  [jvm.dll+0x8392e3]
V  [jvm.dll+0x24834f]
V  [jvm.dll+0x67c6e9]
V  [jvm.dll+0x6711aa]
V  [jvm.dll+0x307f7b]
V  [jvm.dll+0x30f476]
V  [jvm.dll+0x35f63e]
V  [jvm.dll+0x35f87f]
V  [jvm.dll+0x2def9c]
V  [jvm.dll+0x2dfef4]
V  [jvm.dll+0x808a4b]
V  [jvm.dll+0x36d3b1]
V  [jvm.dll+0x7e7425]
V  [jvm.dll+0x3f0edf]
V  [jvm.dll+0x3f2a31]
C  [jli.dll+0x528f]
C  [ucrtbase.dll+0x29333]
C  [KERNEL32.DLL+0x1257d]
C  [ntdll.dll+0x5af08]


---------------  P R O C E S S  ---------------

Threads class SMR info:
_java_thread_list=0x00007ff813e96f18, length=0, elements={
}

Java Threads: ( => current thread )

Other Threads:
  0x00000299c144e7e0 GCTaskThread "GC Thread#0" [stack: 0x000000efd8800000,0x000000efd8900000] [id=22028]
  0x00000299c1457640 ConcurrentGCThread "G1 Main Marker" [stack: 0x000000efd8900000,0x000000efd8a00000] [id=10912]
  0x00000299c1457f70 ConcurrentGCThread "G1 Conc#0" [stack: 0x000000efd8a00000,0x000000efd8b00000] [id=15496]

[error occurred during error reporting (printing all threads), id 0xc0000005, EXCEPTION_ACCESS_VIOLATION (0xc0000005) at pc=0x00007ff81364f697]

VM state: not at safepoint (not fully initialized)

VM Mutex/Monitor currently owned by a thread:  ([mutex/lock_event])
[0x00000299c140c770] Heap_lock - owner thread: 0x00000299c1411540

Heap address: 0x00000000c0000000, size: 1024 MB, Compressed Oops mode: 32-bit

CDS archive(s) mapped at: [0x0000000000000000-0x0000000000000000-0x0000000000000000), size 0, SharedBaseAddress: 0x0000000800000000, ArchiveRelocationMode: 1.
Narrow klass base: 0x0000000000000000, Narrow klass shift: 0, Narrow klass range: 0x0

GC Precious Log:
<Empty>

Heap:
 garbage-first heap   total 0K, used 0K [0x00000000c0000000, 0x0000000100000000)
  region size 1024K, 0 young (0K), 0 survivors (0K)

[error occurred during error reporting (printing heap information), id 0xc0000005, EXCEPTION_ACCESS_VIOLATION (0xc0000005) at pc=0x00007ff813a38bf9]

GC Heap History (0 events):
No events

Dll operation events (1 events):
Event: 0.009 Loaded shared library c:\Users\smora\.vscode\extensions\redhat.java-1.35.1-win32-x64\jre\17.0.12-win32-x86_64\bin\java.dll

Deoptimization events (0 events):
No events

Classes loaded (0 events):
No events

Classes unloaded (0 events):
No events

Classes redefined (0 events):
No events

Internal exceptions (0 events):
No events

VM Operations (0 events):
No events

Events (0 events):
No events


Dynamic libraries:
0x00007ff707b50000 - 0x00007ff707b5e000 	c:\Users\smora\.vscode\extensions\redhat.java-1.35.1-win32-x64\jre\17.0.12-win32-x86_64\bin\java.exe
0x00007ff8b61d0000 - 0x00007ff8b63e7000 	C:\WINDOWS\SYSTEM32\ntdll.dll
0x00007ff8b57b0000 - 0x00007ff8b5874000 	C:\WINDOWS\System32\KERNEL32.DLL
0x00007ff8b3810000 - 0x00007ff8b3bc7000 	C:\WINDOWS\System32\KERNELBASE.dll
0x00007ff8b3c80000 - 0x00007ff8b3d91000 	C:\WINDOWS\System32\ucrtbase.dll
0x00007ff8a0a60000 - 0x00007ff8a0a7b000 	c:\Users\smora\.vscode\extensions\redhat.java-1.35.1-win32-x64\jre\17.0.12-win32-x86_64\bin\VCRUNTIME140.dll
0x00007ff8a1380000 - 0x00007ff8a1397000 	c:\Users\smora\.vscode\extensions\redhat.java-1.35.1-win32-x64\jre\17.0.12-win32-x86_64\bin\jli.dll
0x00007ff8b3fb0000 - 0x00007ff8b415f000 	C:\WINDOWS\System32\USER32.dll
0x00007ff8a2c20000 - 0x00007ff8a2eb3000 	C:\WINDOWS\WinSxS\amd64_microsoft.windows.common-controls_6595b64144ccf1df_6.0.22621.3672_none_2713b9d173822955\COMCTL32.dll
0x00007ff8b3e10000 - 0x00007ff8b3e36000 	C:\WINDOWS\System32\win32u.dll
0x00007ff8b3f00000 - 0x00007ff8b3fa7000 	C:\WINDOWS\System32\msvcrt.dll
0x00007ff8b5610000 - 0x00007ff8b5639000 	C:\WINDOWS\System32\GDI32.dll
0x00007ff8b34e0000 - 0x00007ff8b35f8000 	C:\WINDOWS\System32\gdi32full.dll
0x00007ff8b3770000 - 0x00007ff8b380a000 	C:\WINDOWS\System32\msvcp_win.dll
0x00007ff8b4270000 - 0x00007ff8b42a1000 	C:\WINDOWS\System32\IMM32.DLL
0x00007ff8a2070000 - 0x00007ff8a207c000 	c:\Users\smora\.vscode\extensions\redhat.java-1.35.1-win32-x64\jre\17.0.12-win32-x86_64\bin\vcruntime140_1.dll
0x00007ff87f400000 - 0x00007ff87f48d000 	c:\Users\smora\.vscode\extensions\redhat.java-1.35.1-win32-x64\jre\17.0.12-win32-x86_64\bin\msvcp140.dll
0x00007ff813360000 - 0x00007ff813fca000 	c:\Users\smora\.vscode\extensions\redhat.java-1.35.1-win32-x64\jre\17.0.12-win32-x86_64\bin\server\jvm.dll
0x00007ff8b4330000 - 0x00007ff8b43e2000 	C:\WINDOWS\System32\ADVAPI32.dll
0x00007ff8b6060000 - 0x00007ff8b6108000 	C:\WINDOWS\System32\sechost.dll
0x00007ff8b3c50000 - 0x00007ff8b3c78000 	C:\WINDOWS\System32\bcrypt.dll
0x00007ff8b5640000 - 0x00007ff8b5754000 	C:\WINDOWS\System32\RPCRT4.dll
0x00007ff8b41f0000 - 0x00007ff8b4261000 	C:\WINDOWS\System32\WS2_32.dll
0x00007ff8b2df0000 - 0x00007ff8b2e3d000 	C:\WINDOWS\SYSTEM32\POWRPROF.dll
0x00007ff8ad1c0000 - 0x00007ff8ad1ca000 	C:\WINDOWS\SYSTEM32\VERSION.dll
0x00007ff8ae590000 - 0x00007ff8ae5c4000 	C:\WINDOWS\SYSTEM32\WINMM.dll
0x00007ff8b2d70000 - 0x00007ff8b2d83000 	C:\WINDOWS\SYSTEM32\UMPDC.dll
0x00007ff8b2500000 - 0x00007ff8b2518000 	C:\WINDOWS\SYSTEM32\kernel.appcore.dll
0x00007ff8a14e0000 - 0x00007ff8a14ea000 	c:\Users\smora\.vscode\extensions\redhat.java-1.35.1-win32-x64\jre\17.0.12-win32-x86_64\bin\jimage.dll
0x00007ff8b1050000 - 0x00007ff8b1282000 	C:\WINDOWS\SYSTEM32\DBGHELP.DLL
0x00007ff8b4450000 - 0x00007ff8b47de000 	C:\WINDOWS\System32\combase.dll
0x00007ff8b5dc0000 - 0x00007ff8b5e97000 	C:\WINDOWS\System32\OLEAUT32.dll
0x00007ff8a2890000 - 0x00007ff8a28c2000 	C:\WINDOWS\SYSTEM32\dbgcore.DLL
0x00007ff8b3bd0000 - 0x00007ff8b3c4b000 	C:\WINDOWS\System32\bcryptPrimitives.dll
0x00007ff899860000 - 0x00007ff899885000 	c:\Users\smora\.vscode\extensions\redhat.java-1.35.1-win32-x64\jre\17.0.12-win32-x86_64\bin\java.dll

dbghelp: loaded successfully - version: 4.0.5 - missing functions: none
symbol engine: initialized successfully - sym options: 0x614 - pdb path: .;c:\Users\smora\.vscode\extensions\redhat.java-1.35.1-win32-x64\jre\17.0.12-win32-x86_64\bin;C:\WINDOWS\SYSTEM32;C:\WINDOWS\WinSxS\amd64_microsoft.windows.common-controls_6595b64144ccf1df_6.0.22621.3672_none_2713b9d173822955;c:\Users\smora\.vscode\extensions\redhat.java-1.35.1-win32-x64\jre\17.0.12-win32-x86_64\bin\server

VM Arguments:
jvm_args: -Xmx1024m -Dsts.lsp.client=vscode -Dsts.log.file=/dev/null -XX:TieredStopAtLevel=1 -Xlog:jni+resolve=off 
java_command: c:\Users\smora\.vscode\extensions\vmware.vscode-spring-boot-1.57.0\language-server\spring-boot-language-server-1.57.0-SNAPSHOT-exec.jar
java_class_path (initial): c:\Users\smora\.vscode\extensions\vmware.vscode-spring-boot-1.57.0\language-server\spring-boot-language-server-1.57.0-SNAPSHOT-exec.jar
Launcher Type: SUN_STANDARD

[Global flags]
     intx CICompilerCount                          = 12                                        {product} {ergonomic}
     uint ConcGCThreads                            = 3                                         {product} {ergonomic}
     uint G1ConcRefinementThreads                  = 13                                        {product} {ergonomic}
   size_t G1HeapRegionSize                         = 1048576                                   {product} {ergonomic}
    uintx GCDrainStackTargetSize                   = 64                                        {product} {ergonomic}
   size_t InitialHeapSize                          = 260046848                                 {product} {ergonomic}
   size_t MarkStackSize                            = 4194304                                   {product} {ergonomic}
   size_t MaxHeapSize                              = 1073741824                                {product} {command line}
   size_t MinHeapDeltaBytes                        = 1048576                                   {product} {ergonomic}
   size_t MinHeapSize                              = 8388608                                   {product} {ergonomic}
    uintx NonProfiledCodeHeapSize                  = 0                                      {pd product} {ergonomic}
     bool ProfileInterpreter                       = false                                  {pd product} {command line}
    uintx ProfiledCodeHeapSize                     = 0                                      {pd product} {ergonomic}
   size_t SoftMaxHeapSize                          = 1073741824                             {manageable} {ergonomic}
     intx TieredStopAtLevel                        = 1                                         {product} {command line}
     bool UseCompressedClassPointers               = true                           {product lp64_product} {ergonomic}
     bool UseCompressedOops                        = true                           {product lp64_product} {ergonomic}
     bool UseG1GC                                  = true                                      {product} {ergonomic}
     bool UseLargePagesIndividualAllocation        = false                                  {pd product} {ergonomic}

Logging:
Log output configuration:
 #0: stdout all=warning,jni+resolve=off uptime,level,tags (reconfigured)
 #1: stderr all=off uptime,level,tags

Environment Variables:
JAVA_HOME=C:\Users\smora\OneDrive\Escritorio\Gym App\jdk-23
PATH=C:\Program Files\Common Files\Oracle\Java\javapath;C:\Program Files (x86)\Common Files\Oracle\Java\java8path;C:\Program Files (x86)\Common Files\Oracle\Java\javapath;C:\Program Files\Java\jdk-18.0.2\bin;C:\Windows\system32;C:\Windows;C:\Windows\System32\Wbem;C:\Windows\System32\WindowsPowerShell\v1.0\;C:\Windows\System32\OpenSSH\;C:\Program Files (x86)\NVIDIA Corporation\PhysX\Common;C:\Program Files (x86)\Microsoft SQL Server\90\Tools\binn\;C:\php;C:\Program Files\dotnet\;C:\ProgramData\ComposerSetup\bin;C:\Program Files\NVIDIA Corporation\NVIDIA NvDLISR;C:\Program Files (x86)\HP\Common\HPDestPlgIn\;C:\Program Files\Git\cmd;C:\WINDOWS\system32;C:\WINDOWS;C:\WINDOWS\System32\Wbem;C:\WINDOWS\System32\WindowsPowerShell\v1.0\;C:\WINDOWS\System32\OpenSSH\;C:\Users\smora\AppData\Roaming\nvm;C:\Program Files\nodejs;C:\Program Files\MySQL\MySQL Shell 8.0\bin\;C:\Users\smora\AppData\Local\Microsoft\WindowsApps;C:\Users\smora\AppData\Roaming\Composer\vendor\bin;C:\Program Files (x86)\HP\Common\HPDestPlgIn\;C:\Users\smora\AppData\Roaming\npm;C:\Users\smora\AppData\Roaming\nvm;C:\Program Files\nodejs;C:\Users\smora\OneDrive\Escritorio\Gym App\jdk-23\bin;
USERNAME=smora
OS=Windows_NT
PROCESSOR_IDENTIFIER=AMD64 Family 23 Model 96 Stepping 1, AuthenticAMD
TMP=C:\Users\smora\AppData\Local\Temp
TEMP=C:\Users\smora\AppData\Local\Temp



Periodic native trim disabled


---------------  S Y S T E M  ---------------

OS:
 Windows 11 , 64 bit Build 22621 (10.0.22621.3958)
OS uptime: 0 days 0:49 hours
Hyper-V role detected

CPU: total 16 (initial active 16) (16 cores per cpu, 2 threads per core) family 23 model 96 stepping 1 microcode 0x0, cx8, cmov, fxsr, ht, mmx, 3dnowpref, sse, sse2, sse3, ssse3, sse4a, sse4.1, sse4.2, popcnt, lzcnt, tsc, tscinvbit, avx, avx2, aes, clmul, bmi1, bmi2, adx, sha, fma, vzeroupper, clflush, clflushopt, hv
Processor Information for all 16 processors :
  Max Mhz: 2900, Current Mhz: 2900, Mhz Limit: 2900

Memory: 4k page, system-wide physical 15789M (855M free)
TotalPageFile size 33939M (AvailPageFile size 195M)
current process WorkingSet (physical memory assigned to process): 11M, peak: 11M
current process commit charge ("private bytes"): 65M, peak: 313M

vm_info: OpenJDK 64-Bit Server VM (17.0.12+7) for windows-amd64 JRE (17.0.12+7), built on Jul 16 2024 22:08:24 by "admin" with MS VC++ 16.10 / 16.11 (VS2019)

END.
